<?xml version="1.0" encoding="UTF-8"?>
<!-- Generated by org.testng.reporters.JUnitReportReporter -->
<testsuite hostname="kite-Acer-one-14-Z476" failures="0" tests="4" name="com.swaglabs1.scripts.TestClass" time="6.737" errors="0" timestamp="2022-02-16T15:53:37 IST" skipped="0">
  <testcase classname="com.swaglabs1.scripts.TestClass" name="verifyInValidLogin" time="1.654"/>
  <system-out/>
  <testcase classname="com.swaglabs1.scripts.TestClass" name="verifyInValidLogin" time="1.922"/>
  <system-out/>
  <testcase classname="com.swaglabs1.scripts.TestClass" name="verifyValidLogin" time="1.419"/>
  <system-out/>
  <testcase classname="com.swaglabs1.scripts.TestClass" name="verifyValidLogin" time="1.742"/>
  <system-out/>
</testsuite> <!-- com.swaglabs1.scripts.TestClass -->
